C:\USERS\BAGENOXU\DOCUMENTS\GITHUB\CURLINGGAME\CURLINGGAME\CURLINGGAME\DEBUG\VC110.PDB
C:\USERS\BAGENOXU\DOCUMENTS\GITHUB\CURLINGGAME\CURLINGGAME\CURLINGGAME\DEBUG\MAIN.OBJ
C:\USERS\KAREN\DOCUMENTS\CURLINGGAME\CURLINGGAME\DEBUG\VC110.PDB
C:\USERS\BAGENOXU\DOCUMENTS\GITHUB\CURLINGGAME\CURLINGGAME\DEBUG\CURLINGGAME.ILK
C:\USERS\BAGENOXU\DOCUMENTS\GITHUB\CURLINGGAME\CURLINGGAME\DEBUG\CURLINGGAME.EXE
C:\USERS\BAGENOXU\DOCUMENTS\GITHUB\CURLINGGAME\CURLINGGAME\DEBUG\CURLINGGAME.PDB
C:\Users\Karen\Documents\CurlingGame\CurlingGame\Debug\cl.command.1.tlog
C:\Users\Karen\Documents\CurlingGame\CurlingGame\Debug\CL.read.1.tlog
C:\Users\Karen\Documents\CurlingGame\CurlingGame\Debug\CL.write.1.tlog
C:\Users\Karen\Documents\CurlingGame\CurlingGame\Debug\link-cvtres.read.1.tlog
C:\Users\Karen\Documents\CurlingGame\CurlingGame\Debug\link-cvtres.write.1.tlog
C:\Users\Karen\Documents\CurlingGame\CurlingGame\Debug\link-rc.read.1.tlog
C:\Users\Karen\Documents\CurlingGame\CurlingGame\Debug\link-rc.write.1.tlog
C:\Users\Karen\Documents\CurlingGame\CurlingGame\Debug\link.command.1.tlog
C:\Users\Karen\Documents\CurlingGame\CurlingGame\Debug\link.read.1.tlog
C:\Users\Karen\Documents\CurlingGame\CurlingGame\Debug\link.write.1.tlog
C:\Users\Karen\Documents\CurlingGame\CurlingGame\Debug\vc110.idb
C:\Users\Karen\Documents\CurlingGame\CurlingGame\Debug\vc110.pdb
C:\Users\Karen\Documents\CurlingGame\Debug\CurlingGame.pdb
C:\Users\Karen\Documents\CurlingGame\Debug\CurlingGame.exe
C:\Users\Karen\Documents\CurlingGame\Debug\CurlingGame.ilk
